Arguments: 
  C:\Program Files\nodejs\node.exe C:\Users\fxop0\AppData\Roaming\npm\node_modules\yarn\bin\yarn.js add --dev hardhta

PATH: 
  C:\Program Files\Common Files\Oracle\Java\javapath;C:\Program Files (x86)\Razer Chroma SDK\bin;C:\Program Files\Razer Chroma SDK\bin;C:\Program Files (x86)\Razer\ChromaBroadcast\bin;C:\Program Files\Razer\ChromaBroadcast\bin;C:\Windows\system32;C:\Windows;C:\Windows\System32\Wbem;C:\Windows\System32\WindowsPowerShell\v1.0\;C:\Windows\System32\OpenSSH\;C:\Program Files\NVIDIA Corporation\NVIDIA NvDLISR;C:\Program Files (x86)\NVIDIA Corporation\PhysX\Common;C:\Windows\system32\config\systemprofile\AppData\Local\Microsoft\WindowsApps;C:\Program Files\nodejs\;C:\Program Files\Git\cmd;C:\Users\fxop0\AppData\Local\Programs\Python\Python39;C:\Users\fxop0\AppData\Local\Programs\Python\Python39\Scripts;C:\Users\fxop0\AppData\Local\Microsoft\WindowsApps\;C:\Users\fxop0\AppData\Local\Microsoft\WindowsApps;F:\Microsoft VS Code\bin;C:\Users\fxop0\AppData\Local\Microsoft\WindowsApps\;C:\Users\fxop0\AppData\Roaming\npm;;c:\users\fxop0\appdata\roaming\python\python39\scripts;c:\users\fxop0\.local\bin;;C:\Users\fxop0\Apps\kubo_v0.15.0\kubo

Yarn version: 
  1.22.19

Node version: 
  16.17.0

Platform: 
  win32 x64

Trace: 
  Error: https://registry.yarnpkg.com/hardhta: Not found
      at Request.params.callback [as _callback] (C:\Users\fxop0\AppData\Roaming\npm\node_modules\yarn\lib\cli.js:66145:18)
      at Request.self.callback (C:\Users\fxop0\AppData\Roaming\npm\node_modules\yarn\lib\cli.js:140890:22)
      at Request.emit (node:events:513:28)
      at Request.<anonymous> (C:\Users\fxop0\AppData\Roaming\npm\node_modules\yarn\lib\cli.js:141862:10)
      at Request.emit (node:events:513:28)
      at IncomingMessage.<anonymous> (C:\Users\fxop0\AppData\Roaming\npm\node_modules\yarn\lib\cli.js:141784:12)
      at Object.onceWrapper (node:events:627:28)
      at IncomingMessage.emit (node:events:525:35)
      at endReadableNT (node:internal/streams/readable:1358:12)
      at processTicksAndRejections (node:internal/process/task_queues:83:21)

npm manifest: 
  {
    "name": "DOS-solidity",
    "version": "1.0.0",
    "main": "index.js",
    "license": "MIT"
  }

yarn manifest: 
  No manifest

Lockfile: 
  No lockfile
